  code1.cpp
C:\Users\Kirius\source\repos\JulyRender\JulyRender\code1.cpp(2,32): error C2440: “<function-style-cast>”: 无法从“initializer list”转换为“TGAColor”
  C:\Users\Kirius\source\repos\JulyRender\JulyRender\code1.cpp(2,32):
  “TGAColor::TGAColor”: 函数不接受 4 个参数
  	C:\Users\Kirius\source\repos\JulyRender\JulyRender\code1.cpp(2,32):
  	尝试匹配参数列表“(int, int, int, int)”时
  
C:\Users\Kirius\source\repos\JulyRender\JulyRender\code1.cpp(3,30): error C2440: “<function-style-cast>”: 无法从“initializer list”转换为“TGAColor”
  C:\Users\Kirius\source\repos\JulyRender\JulyRender\code1.cpp(3,30):
  “TGAColor::TGAColor”: 函数不接受 4 个参数
  	C:\Users\Kirius\source\repos\JulyRender\JulyRender\code1.cpp(3,30):
  	尝试匹配参数列表“(int, int, int, int)”时
  
  geometry.cpp
/geometry.cpp(1,1): error C1083: 无法打开源文件: “geometry.cpp”: No such file or directory
  (编译源文件“/geometry.cpp”)
  
  main.cpp
/main.cpp(1,1): error C1083: 无法打开源文件: “main.cpp”: No such file or directory
  (编译源文件“/main.cpp”)
  
  model.cpp
/model.cpp(1,1): error C1083: 无法打开源文件: “model.cpp”: No such file or directory
  (编译源文件“/model.cpp”)
  
  our_gl.cpp
/our_gl.cpp(1,1): error C1083: 无法打开源文件: “our_gl.cpp”: No such file or directory
  (编译源文件“/our_gl.cpp”)
  
  tgaimage.cpp
/tgaimage.cpp(1,1): error C1083: 无法打开源文件: “tgaimage.cpp”: No such file or directory
  (编译源文件“/tgaimage.cpp”)
  
  正在生成代码...
